commit 9fdf73bfa16d1fe4b9a2695383f52adebd50abad
Merge: 2060dcc a7b2d65
Author: kishanthankiuxai <kishanlearns@gmail.com>
Date:   Mon Dec 5 22:17:08 2022 -0600

    Log file added

commit 2060dcc7ffade0ec74c15632da4163605855317b
Author: kishanthankiuxai <kishanlearns@gmail.com>
Date:   Mon Dec 5 22:15:48 2022 -0600

    Log file added

commit a7b2d65be910402b5ac750db6fcedb8a3686de2f
Author: aslaliya4229-sept <aslaliya4229@saskpolytech.ca>
Date:   Mon Dec 5 20:19:00 2022 -0600

    log file added by darshil

commit 34ca150303cea127317c4b3b0da75bc179843f00
Author: aslaliya4229-sept <aslaliya4229@saskpolytech.ca>
Date:   Mon Dec 5 20:17:29 2022 -0600

    final execution by darshil

commit 0db1f5fddbafee3ac306c37b64ab0765e7fec687
Merge: 7fb4bf1 6872e83
Author: aslaliya4229-sept <aslaliya4229@saskpolytech.ca>
Date:   Mon Dec 5 20:11:47 2022 -0600

    final execution by darshil

commit 7fb4bf1fdd46ee7549fdcca92edc7230e4ec3a82
Author: aslaliya4229-sept <aslaliya4229@saskpolytech.ca>
Date:   Mon Dec 5 20:10:51 2022 -0600

    final execution by darshil

commit 6872e83d20a39c4a692507e2e22b1469bd8c93fb
Author: kishanthankiuxai <kishanlearns@gmail.com>
Date:   Mon Dec 5 14:31:09 2022 -0600

    Merging of Dataframe and Visualisation done by Kishan

commit bcd942be04c2167e8f659ecfe05575df92216c5e
Author: aslaliya4229-sept <aslaliya4229@saskpolytech.ca>
Date:   Mon Dec 5 01:04:29 2022 -0600

    Stock dataframe created from alpha vantage by Darshil Aslaliya

commit 7ef20e196d5ef5fa3eda3d6f997c8a035a7bc807
Author: aslaliya4229-sept <aslaliya4229@saskpolytech.ca>
Date:   Sun Dec 4 17:25:58 2022 -0600

    Stock data loaded into dataframe by Darshil Aslaliya

commit 18402e532ccabf8102c201d6df7fb7e7e55a34f2
Author: aslaliya4229-sept <aslaliya4229@saskpolytech.ca>
Date:   Sat Dec 3 17:36:40 2022 -0600

    Covid-19 Dataframe analysed and merged by Darshil Aslaliya

commit c6d3d67d8811fc8005087d46589ed9a151be085d
Author: Darshilkumar Aslaliya <118228794+aslaliya4229-sept@users.noreply.github.com>
Date:   Sat Dec 3 16:46:50 2022 -0600

    Initial commit
